<?xml version="1.0" encoding="UTF-8"?>
<!-- Generated by org.testng.reporters.JUnitReportReporter -->
<testsuite hostname="LAPTOP-JAJCEFIR" failures="0" tests="2"
	name="chapter_1.NewTest" time="0.006" errors="0"
	timestamp="2021-05-16T17:26:39 IST" skipped="0">
	<testcase classname="chapter_1.NewTest" name="f" time="0.001" />
	<system-out />
	<testcase classname="chapter_1.NewTest" name="f" time="0.005" />
	<system-out />
</testsuite> <!-- chapter_1.NewTest -->
